DEBUG - 2026-06-20 09:00:15 --> Session: Class initialized using 'CodeIgniter\Session\Handlers\FileHandler' driver.
DEBUG - 2026-06-20 09:00:30 --> Session: Class initialized using 'CodeIgniter\Session\Handlers\FileHandler' driver.
DEBUG - 2026-06-20 09:00:31 --> Session: Class initialized using 'CodeIgniter\Session\Handlers\FileHandler' driver.
DEBUG - 2026-06-20 09:00:35 --> Session: Class initialized using 'CodeIgniter\Session\Handlers\FileHandler' driver.
DEBUG - 2026-06-20 09:50:26 --> Session: Class initialized using 'CodeIgniter\Session\Handlers\FileHandler' driver.
DEBUG - 2026-06-20 09:50:37 --> Session: Class initialized using 'CodeIgniter\Session\Handlers\FileHandler' driver.
DEBUG - 2026-06-20 09:54:24 --> Session: Class initialized using 'CodeIgniter\Session\Handlers\FileHandler' driver.
DEBUG - 2026-06-20 10:23:01 --> Session: Class initialized using 'CodeIgniter\Session\Handlers\FileHandler' driver.
DEBUG - 2026-06-20 10:23:01 --> Session: Class initialized using 'CodeIgniter\Session\Handlers\FileHandler' driver.
DEBUG - 2026-06-20 10:23:51 --> Session: Class initialized using 'CodeIgniter\Session\Handlers\FileHandler' driver.
DEBUG - 2026-06-20 10:24:00 --> Session: Class initialized using 'CodeIgniter\Session\Handlers\FileHandler' driver.
DEBUG - 2026-06-20 10:24:00 --> Session: Class initialized using 'CodeIgniter\Session\Handlers\FileHandler' driver.
DEBUG - 2026-06-20 10:24:46 --> Session: Class initialized using 'CodeIgniter\Session\Handlers\FileHandler' driver.
DEBUG - 2026-06-20 10:24:49 --> Session: Class initialized using 'CodeIgniter\Session\Handlers\FileHandler' driver.
DEBUG - 2026-06-20 10:57:30 --> Session: Class initialized using 'CodeIgniter\Session\Handlers\FileHandler' driver.
DEBUG - 2026-06-20 10:57:45 --> Session: Class initialized using 'CodeIgniter\Session\Handlers\FileHandler' driver.
DEBUG - 2026-06-20 10:57:45 --> Session: Class initialized using 'CodeIgniter\Session\Handlers\FileHandler' driver.
DEBUG - 2026-06-20 11:06:58 --> Session: Class initialized using 'CodeIgniter\Session\Handlers\FileHandler' driver.
CRITICAL - 2026-06-20 11:34:46 --> ParseError: syntax error, unexpected token "endforeach"
[Method: GET, Route: /]
in APPPATH\Views\public\index.php on line 782.
 1 SYSTEMPATH\View\View.php(243): CodeIgniter\View\View->CodeIgniter\View\{closure}()
 2 SYSTEMPATH\Common.php(1254): CodeIgniter\View\View->render('public/index', [], true)
 3 APPPATH\Controllers\Home.php(31): view('public/index', [...])
 4 SYSTEMPATH\CodeIgniter.php(974): App\Controllers\Home->index()
 5 SYSTEMPATH\CodeIgniter.php(520): CodeIgniter\CodeIgniter->runController(Object(App\Controllers\Home))
 6 SYSTEMPATH\CodeIgniter.php(363): CodeIgniter\CodeIgniter->handleRequest(null, Object(Config\Cache), false)
 7 SYSTEMPATH\Boot.php(417): CodeIgniter\CodeIgniter->run()
 8 SYSTEMPATH\Boot.php(68): CodeIgniter\Boot::runCodeIgniter(Object(CodeIgniter\CodeIgniter))
 9 FCPATH\index.php(59): CodeIgniter\Boot::bootWeb(Object(Config\Paths))
10 SYSTEMPATH\rewrite.php(44): require_once('D:\\wamp64\\www\\portofolio\\public\\index.php')
CRITICAL - 2026-06-20 11:38:29 --> TypeError: count(): Argument #1 ($value) must be of type Countable|array, null given
[Method: GET, Route: /]
in APPPATH\Views\public\index.php on line 760.
 1 SYSTEMPATH\View\View.php(240): include()
 2 SYSTEMPATH\View\View.php(243): CodeIgniter\View\View->CodeIgniter\View\{closure}()
 3 SYSTEMPATH\Common.php(1254): CodeIgniter\View\View->render('public/index', [], true)
 4 APPPATH\Controllers\Home.php(31): view('public/index', [...])
 5 SYSTEMPATH\CodeIgniter.php(974): App\Controllers\Home->index()
 6 SYSTEMPATH\CodeIgniter.php(520): CodeIgniter\CodeIgniter->runController(Object(App\Controllers\Home))
 7 SYSTEMPATH\CodeIgniter.php(363): CodeIgniter\CodeIgniter->handleRequest(null, Object(Config\Cache), false)
 8 SYSTEMPATH\Boot.php(417): CodeIgniter\CodeIgniter->run()
 9 SYSTEMPATH\Boot.php(68): CodeIgniter\Boot::runCodeIgniter(Object(CodeIgniter\CodeIgniter))
10 FCPATH\index.php(59): CodeIgniter\Boot::bootWeb(Object(Config\Paths))
11 SYSTEMPATH\rewrite.php(44): require_once('D:\\wamp64\\www\\portofolio\\public\\index.php')
CRITICAL - 2026-06-20 11:38:29 --> [Caused by] ErrorException: Undefined variable $chunks
in APPPATH\Views\public\index.php on line 760.
 1 APPPATH\Views\public\index.php(760): CodeIgniter\Debug\Exceptions->errorHandler(2, 'Undefined variable $chunks', 'D:\\wamp64\\www\\portofolio\\app\\Views\\public\\index.php', 760)
 2 SYSTEMPATH\View\View.php(240): include('D:\\wamp64\\www\\portofolio\\app\\Views\\public\\index.php')
 3 SYSTEMPATH\View\View.php(243): CodeIgniter\View\View->CodeIgniter\View\{closure}()
 4 SYSTEMPATH\Common.php(1254): CodeIgniter\View\View->render('public/index', [], true)
 5 APPPATH\Controllers\Home.php(31): view('public/index', [...])
 6 SYSTEMPATH\CodeIgniter.php(974): App\Controllers\Home->index()
 7 SYSTEMPATH\CodeIgniter.php(520): CodeIgniter\CodeIgniter->runController(Object(App\Controllers\Home))
 8 SYSTEMPATH\CodeIgniter.php(363): CodeIgniter\CodeIgniter->handleRequest(null, Object(Config\Cache), false)
 9 SYSTEMPATH\Boot.php(417): CodeIgniter\CodeIgniter->run()
10 SYSTEMPATH\Boot.php(68): CodeIgniter\Boot::runCodeIgniter(Object(CodeIgniter\CodeIgniter))
11 FCPATH\index.php(59): CodeIgniter\Boot::bootWeb(Object(Config\Paths))
12 SYSTEMPATH\rewrite.php(44): require_once('D:\\wamp64\\www\\portofolio\\public\\index.php')
CRITICAL - 2026-06-20 11:38:31 --> TypeError: count(): Argument #1 ($value) must be of type Countable|array, null given
[Method: GET, Route: /]
in APPPATH\Views\public\index.php on line 760.
 1 SYSTEMPATH\View\View.php(240): include()
 2 SYSTEMPATH\View\View.php(243): CodeIgniter\View\View->CodeIgniter\View\{closure}()
 3 SYSTEMPATH\Common.php(1254): CodeIgniter\View\View->render('public/index', [], true)
 4 APPPATH\Controllers\Home.php(31): view('public/index', [...])
 5 SYSTEMPATH\CodeIgniter.php(974): App\Controllers\Home->index()
 6 SYSTEMPATH\CodeIgniter.php(520): CodeIgniter\CodeIgniter->runController(Object(App\Controllers\Home))
 7 SYSTEMPATH\CodeIgniter.php(363): CodeIgniter\CodeIgniter->handleRequest(null, Object(Config\Cache), false)
 8 SYSTEMPATH\Boot.php(417): CodeIgniter\CodeIgniter->run()
 9 SYSTEMPATH\Boot.php(68): CodeIgniter\Boot::runCodeIgniter(Object(CodeIgniter\CodeIgniter))
10 FCPATH\index.php(59): CodeIgniter\Boot::bootWeb(Object(Config\Paths))
11 SYSTEMPATH\rewrite.php(44): require_once('D:\\wamp64\\www\\portofolio\\public\\index.php')
CRITICAL - 2026-06-20 11:38:31 --> [Caused by] ErrorException: Undefined variable $chunks
in APPPATH\Views\public\index.php on line 760.
 1 APPPATH\Views\public\index.php(760): CodeIgniter\Debug\Exceptions->errorHandler(2, 'Undefined variable $chunks', 'D:\\wamp64\\www\\portofolio\\app\\Views\\public\\index.php', 760)
 2 SYSTEMPATH\View\View.php(240): include('D:\\wamp64\\www\\portofolio\\app\\Views\\public\\index.php')
 3 SYSTEMPATH\View\View.php(243): CodeIgniter\View\View->CodeIgniter\View\{closure}()
 4 SYSTEMPATH\Common.php(1254): CodeIgniter\View\View->render('public/index', [], true)
 5 APPPATH\Controllers\Home.php(31): view('public/index', [...])
 6 SYSTEMPATH\CodeIgniter.php(974): App\Controllers\Home->index()
 7 SYSTEMPATH\CodeIgniter.php(520): CodeIgniter\CodeIgniter->runController(Object(App\Controllers\Home))
 8 SYSTEMPATH\CodeIgniter.php(363): CodeIgniter\CodeIgniter->handleRequest(null, Object(Config\Cache), false)
 9 SYSTEMPATH\Boot.php(417): CodeIgniter\CodeIgniter->run()
10 SYSTEMPATH\Boot.php(68): CodeIgniter\Boot::runCodeIgniter(Object(CodeIgniter\CodeIgniter))
11 FCPATH\index.php(59): CodeIgniter\Boot::bootWeb(Object(Config\Paths))
12 SYSTEMPATH\rewrite.php(44): require_once('D:\\wamp64\\www\\portofolio\\public\\index.php')
CRITICAL - 2026-06-20 11:39:16 --> ParseError: syntax error, unexpected token "endif"
[Method: GET, Route: /]
in APPPATH\Views\public\index.php on line 803.
 1 SYSTEMPATH\View\View.php(243): CodeIgniter\View\View->CodeIgniter\View\{closure}()
 2 SYSTEMPATH\Common.php(1254): CodeIgniter\View\View->render('public/index', [], true)
 3 APPPATH\Controllers\Home.php(31): view('public/index', [...])
 4 SYSTEMPATH\CodeIgniter.php(974): App\Controllers\Home->index()
 5 SYSTEMPATH\CodeIgniter.php(520): CodeIgniter\CodeIgniter->runController(Object(App\Controllers\Home))
 6 SYSTEMPATH\CodeIgniter.php(363): CodeIgniter\CodeIgniter->handleRequest(null, Object(Config\Cache), false)
 7 SYSTEMPATH\Boot.php(417): CodeIgniter\CodeIgniter->run()
 8 SYSTEMPATH\Boot.php(68): CodeIgniter\Boot::runCodeIgniter(Object(CodeIgniter\CodeIgniter))
 9 FCPATH\index.php(59): CodeIgniter\Boot::bootWeb(Object(Config\Paths))
10 SYSTEMPATH\rewrite.php(44): require_once('D:\\wamp64\\www\\portofolio\\public\\index.php')
CRITICAL - 2026-06-20 11:39:17 --> ParseError: syntax error, unexpected token "endif"
[Method: GET, Route: /]
in APPPATH\Views\public\index.php on line 803.
 1 SYSTEMPATH\View\View.php(243): CodeIgniter\View\View->CodeIgniter\View\{closure}()
 2 SYSTEMPATH\Common.php(1254): CodeIgniter\View\View->render('public/index', [], true)
 3 APPPATH\Controllers\Home.php(31): view('public/index', [...])
 4 SYSTEMPATH\CodeIgniter.php(974): App\Controllers\Home->index()
 5 SYSTEMPATH\CodeIgniter.php(520): CodeIgniter\CodeIgniter->runController(Object(App\Controllers\Home))
 6 SYSTEMPATH\CodeIgniter.php(363): CodeIgniter\CodeIgniter->handleRequest(null, Object(Config\Cache), false)
 7 SYSTEMPATH\Boot.php(417): CodeIgniter\CodeIgniter->run()
 8 SYSTEMPATH\Boot.php(68): CodeIgniter\Boot::runCodeIgniter(Object(CodeIgniter\CodeIgniter))
 9 FCPATH\index.php(59): CodeIgniter\Boot::bootWeb(Object(Config\Paths))
10 SYSTEMPATH\rewrite.php(44): require_once('D:\\wamp64\\www\\portofolio\\public\\index.php')
CRITICAL - 2026-06-20 11:39:33 --> ParseError: syntax error, unexpected token "endif"
[Method: GET, Route: /]
in APPPATH\Views\public\index.php on line 781.
 1 SYSTEMPATH\View\View.php(243): CodeIgniter\View\View->CodeIgniter\View\{closure}()
 2 SYSTEMPATH\Common.php(1254): CodeIgniter\View\View->render('public/index', [], true)
 3 APPPATH\Controllers\Home.php(31): view('public/index', [...])
 4 SYSTEMPATH\CodeIgniter.php(974): App\Controllers\Home->index()
 5 SYSTEMPATH\CodeIgniter.php(520): CodeIgniter\CodeIgniter->runController(Object(App\Controllers\Home))
 6 SYSTEMPATH\CodeIgniter.php(363): CodeIgniter\CodeIgniter->handleRequest(null, Object(Config\Cache), false)
 7 SYSTEMPATH\Boot.php(417): CodeIgniter\CodeIgniter->run()
 8 SYSTEMPATH\Boot.php(68): CodeIgniter\Boot::runCodeIgniter(Object(CodeIgniter\CodeIgniter))
 9 FCPATH\index.php(59): CodeIgniter\Boot::bootWeb(Object(Config\Paths))
10 SYSTEMPATH\rewrite.php(44): require_once('D:\\wamp64\\www\\portofolio\\public\\index.php')
CRITICAL - 2026-06-20 11:39:33 --> ParseError: syntax error, unexpected token "endif"
[Method: GET, Route: /]
in APPPATH\Views\public\index.php on line 781.
 1 SYSTEMPATH\View\View.php(243): CodeIgniter\View\View->CodeIgniter\View\{closure}()
 2 SYSTEMPATH\Common.php(1254): CodeIgniter\View\View->render('public/index', [], true)
 3 APPPATH\Controllers\Home.php(31): view('public/index', [...])
 4 SYSTEMPATH\CodeIgniter.php(974): App\Controllers\Home->index()
 5 SYSTEMPATH\CodeIgniter.php(520): CodeIgniter\CodeIgniter->runController(Object(App\Controllers\Home))
 6 SYSTEMPATH\CodeIgniter.php(363): CodeIgniter\CodeIgniter->handleRequest(null, Object(Config\Cache), false)
 7 SYSTEMPATH\Boot.php(417): CodeIgniter\CodeIgniter->run()
 8 SYSTEMPATH\Boot.php(68): CodeIgniter\Boot::runCodeIgniter(Object(CodeIgniter\CodeIgniter))
 9 FCPATH\index.php(59): CodeIgniter\Boot::bootWeb(Object(Config\Paths))
10 SYSTEMPATH\rewrite.php(44): require_once('D:\\wamp64\\www\\portofolio\\public\\index.php')
CRITICAL - 2026-06-20 11:39:34 --> ParseError: syntax error, unexpected token "endif"
[Method: GET, Route: /]
in APPPATH\Views\public\index.php on line 781.
 1 SYSTEMPATH\View\View.php(243): CodeIgniter\View\View->CodeIgniter\View\{closure}()
 2 SYSTEMPATH\Common.php(1254): CodeIgniter\View\View->render('public/index', [], true)
 3 APPPATH\Controllers\Home.php(31): view('public/index', [...])
 4 SYSTEMPATH\CodeIgniter.php(974): App\Controllers\Home->index()
 5 SYSTEMPATH\CodeIgniter.php(520): CodeIgniter\CodeIgniter->runController(Object(App\Controllers\Home))
 6 SYSTEMPATH\CodeIgniter.php(363): CodeIgniter\CodeIgniter->handleRequest(null, Object(Config\Cache), false)
 7 SYSTEMPATH\Boot.php(417): CodeIgniter\CodeIgniter->run()
 8 SYSTEMPATH\Boot.php(68): CodeIgniter\Boot::runCodeIgniter(Object(CodeIgniter\CodeIgniter))
 9 FCPATH\index.php(59): CodeIgniter\Boot::bootWeb(Object(Config\Paths))
10 SYSTEMPATH\rewrite.php(44): require_once('D:\\wamp64\\www\\portofolio\\public\\index.php')
CRITICAL - 2026-06-20 11:39:35 --> ParseError: syntax error, unexpected token "endif"
[Method: GET, Route: /]
in APPPATH\Views\public\index.php on line 781.
 1 SYSTEMPATH\View\View.php(243): CodeIgniter\View\View->CodeIgniter\View\{closure}()
 2 SYSTEMPATH\Common.php(1254): CodeIgniter\View\View->render('public/index', [], true)
 3 APPPATH\Controllers\Home.php(31): view('public/index', [...])
 4 SYSTEMPATH\CodeIgniter.php(974): App\Controllers\Home->index()
 5 SYSTEMPATH\CodeIgniter.php(520): CodeIgniter\CodeIgniter->runController(Object(App\Controllers\Home))
 6 SYSTEMPATH\CodeIgniter.php(363): CodeIgniter\CodeIgniter->handleRequest(null, Object(Config\Cache), false)
 7 SYSTEMPATH\Boot.php(417): CodeIgniter\CodeIgniter->run()
 8 SYSTEMPATH\Boot.php(68): CodeIgniter\Boot::runCodeIgniter(Object(CodeIgniter\CodeIgniter))
 9 FCPATH\index.php(59): CodeIgniter\Boot::bootWeb(Object(Config\Paths))
10 SYSTEMPATH\rewrite.php(44): require_once('D:\\wamp64\\www\\portofolio\\public\\index.php')
CRITICAL - 2026-06-20 11:39:40 --> TypeError: count(): Argument #1 ($value) must be of type Countable|array, null given
[Method: GET, Route: /]
in APPPATH\Views\public\index.php on line 760.
 1 SYSTEMPATH\View\View.php(240): include()
 2 SYSTEMPATH\View\View.php(243): CodeIgniter\View\View->CodeIgniter\View\{closure}()
 3 SYSTEMPATH\Common.php(1254): CodeIgniter\View\View->render('public/index', [], true)
 4 APPPATH\Controllers\Home.php(31): view('public/index', [...])
 5 SYSTEMPATH\CodeIgniter.php(974): App\Controllers\Home->index()
 6 SYSTEMPATH\CodeIgniter.php(520): CodeIgniter\CodeIgniter->runController(Object(App\Controllers\Home))
 7 SYSTEMPATH\CodeIgniter.php(363): CodeIgniter\CodeIgniter->handleRequest(null, Object(Config\Cache), false)
 8 SYSTEMPATH\Boot.php(417): CodeIgniter\CodeIgniter->run()
 9 SYSTEMPATH\Boot.php(68): CodeIgniter\Boot::runCodeIgniter(Object(CodeIgniter\CodeIgniter))
10 FCPATH\index.php(59): CodeIgniter\Boot::bootWeb(Object(Config\Paths))
11 SYSTEMPATH\rewrite.php(44): require_once('D:\\wamp64\\www\\portofolio\\public\\index.php')
CRITICAL - 2026-06-20 11:39:40 --> [Caused by] ErrorException: Undefined variable $chunks
in APPPATH\Views\public\index.php on line 760.
 1 APPPATH\Views\public\index.php(760): CodeIgniter\Debug\Exceptions->errorHandler(2, 'Undefined variable $chunks', 'D:\\wamp64\\www\\portofolio\\app\\Views\\public\\index.php', 760)
 2 SYSTEMPATH\View\View.php(240): include('D:\\wamp64\\www\\portofolio\\app\\Views\\public\\index.php')
 3 SYSTEMPATH\View\View.php(243): CodeIgniter\View\View->CodeIgniter\View\{closure}()
 4 SYSTEMPATH\Common.php(1254): CodeIgniter\View\View->render('public/index', [], true)
 5 APPPATH\Controllers\Home.php(31): view('public/index', [...])
 6 SYSTEMPATH\CodeIgniter.php(974): App\Controllers\Home->index()
 7 SYSTEMPATH\CodeIgniter.php(520): CodeIgniter\CodeIgniter->runController(Object(App\Controllers\Home))
 8 SYSTEMPATH\CodeIgniter.php(363): CodeIgniter\CodeIgniter->handleRequest(null, Object(Config\Cache), false)
 9 SYSTEMPATH\Boot.php(417): CodeIgniter\CodeIgniter->run()
10 SYSTEMPATH\Boot.php(68): CodeIgniter\Boot::runCodeIgniter(Object(CodeIgniter\CodeIgniter))
11 FCPATH\index.php(59): CodeIgniter\Boot::bootWeb(Object(Config\Paths))
12 SYSTEMPATH\rewrite.php(44): require_once('D:\\wamp64\\www\\portofolio\\public\\index.php')
CRITICAL - 2026-06-20 11:39:40 --> TypeError: count(): Argument #1 ($value) must be of type Countable|array, null given
[Method: GET, Route: /]
in APPPATH\Views\public\index.php on line 760.
 1 SYSTEMPATH\View\View.php(240): include()
 2 SYSTEMPATH\View\View.php(243): CodeIgniter\View\View->CodeIgniter\View\{closure}()
 3 SYSTEMPATH\Common.php(1254): CodeIgniter\View\View->render('public/index', [], true)
 4 APPPATH\Controllers\Home.php(31): view('public/index', [...])
 5 SYSTEMPATH\CodeIgniter.php(974): App\Controllers\Home->index()
 6 SYSTEMPATH\CodeIgniter.php(520): CodeIgniter\CodeIgniter->runController(Object(App\Controllers\Home))
 7 SYSTEMPATH\CodeIgniter.php(363): CodeIgniter\CodeIgniter->handleRequest(null, Object(Config\Cache), false)
 8 SYSTEMPATH\Boot.php(417): CodeIgniter\CodeIgniter->run()
 9 SYSTEMPATH\Boot.php(68): CodeIgniter\Boot::runCodeIgniter(Object(CodeIgniter\CodeIgniter))
10 FCPATH\index.php(59): CodeIgniter\Boot::bootWeb(Object(Config\Paths))
11 SYSTEMPATH\rewrite.php(44): require_once('D:\\wamp64\\www\\portofolio\\public\\index.php')
CRITICAL - 2026-06-20 11:39:40 --> [Caused by] ErrorException: Undefined variable $chunks
in APPPATH\Views\public\index.php on line 760.
 1 APPPATH\Views\public\index.php(760): CodeIgniter\Debug\Exceptions->errorHandler(2, 'Undefined variable $chunks', 'D:\\wamp64\\www\\portofolio\\app\\Views\\public\\index.php', 760)
 2 SYSTEMPATH\View\View.php(240): include('D:\\wamp64\\www\\portofolio\\app\\Views\\public\\index.php')
 3 SYSTEMPATH\View\View.php(243): CodeIgniter\View\View->CodeIgniter\View\{closure}()
 4 SYSTEMPATH\Common.php(1254): CodeIgniter\View\View->render('public/index', [], true)
 5 APPPATH\Controllers\Home.php(31): view('public/index', [...])
 6 SYSTEMPATH\CodeIgniter.php(974): App\Controllers\Home->index()
 7 SYSTEMPATH\CodeIgniter.php(520): CodeIgniter\CodeIgniter->runController(Object(App\Controllers\Home))
 8 SYSTEMPATH\CodeIgniter.php(363): CodeIgniter\CodeIgniter->handleRequest(null, Object(Config\Cache), false)
 9 SYSTEMPATH\Boot.php(417): CodeIgniter\CodeIgniter->run()
10 SYSTEMPATH\Boot.php(68): CodeIgniter\Boot::runCodeIgniter(Object(CodeIgniter\CodeIgniter))
11 FCPATH\index.php(59): CodeIgniter\Boot::bootWeb(Object(Config\Paths))
12 SYSTEMPATH\rewrite.php(44): require_once('D:\\wamp64\\www\\portofolio\\public\\index.php')
CRITICAL - 2026-06-20 11:39:45 --> TypeError: count(): Argument #1 ($value) must be of type Countable|array, null given
[Method: GET, Route: /]
in APPPATH\Views\public\index.php on line 760.
 1 SYSTEMPATH\View\View.php(240): include()
 2 SYSTEMPATH\View\View.php(243): CodeIgniter\View\View->CodeIgniter\View\{closure}()
 3 SYSTEMPATH\Common.php(1254): CodeIgniter\View\View->render('public/index', [], true)
 4 APPPATH\Controllers\Home.php(31): view('public/index', [...])
 5 SYSTEMPATH\CodeIgniter.php(974): App\Controllers\Home->index()
 6 SYSTEMPATH\CodeIgniter.php(520): CodeIgniter\CodeIgniter->runController(Object(App\Controllers\Home))
 7 SYSTEMPATH\CodeIgniter.php(363): CodeIgniter\CodeIgniter->handleRequest(null, Object(Config\Cache), false)
 8 SYSTEMPATH\Boot.php(417): CodeIgniter\CodeIgniter->run()
 9 SYSTEMPATH\Boot.php(68): CodeIgniter\Boot::runCodeIgniter(Object(CodeIgniter\CodeIgniter))
10 FCPATH\index.php(59): CodeIgniter\Boot::bootWeb(Object(Config\Paths))
11 SYSTEMPATH\rewrite.php(44): require_once('D:\\wamp64\\www\\portofolio\\public\\index.php')
CRITICAL - 2026-06-20 11:39:45 --> [Caused by] ErrorException: Undefined variable $chunks
in APPPATH\Views\public\index.php on line 760.
 1 APPPATH\Views\public\index.php(760): CodeIgniter\Debug\Exceptions->errorHandler(2, 'Undefined variable $chunks', 'D:\\wamp64\\www\\portofolio\\app\\Views\\public\\index.php', 760)
 2 SYSTEMPATH\View\View.php(240): include('D:\\wamp64\\www\\portofolio\\app\\Views\\public\\index.php')
 3 SYSTEMPATH\View\View.php(243): CodeIgniter\View\View->CodeIgniter\View\{closure}()
 4 SYSTEMPATH\Common.php(1254): CodeIgniter\View\View->render('public/index', [], true)
 5 APPPATH\Controllers\Home.php(31): view('public/index', [...])
 6 SYSTEMPATH\CodeIgniter.php(974): App\Controllers\Home->index()
 7 SYSTEMPATH\CodeIgniter.php(520): CodeIgniter\CodeIgniter->runController(Object(App\Controllers\Home))
 8 SYSTEMPATH\CodeIgniter.php(363): CodeIgniter\CodeIgniter->handleRequest(null, Object(Config\Cache), false)
 9 SYSTEMPATH\Boot.php(417): CodeIgniter\CodeIgniter->run()
10 SYSTEMPATH\Boot.php(68): CodeIgniter\Boot::runCodeIgniter(Object(CodeIgniter\CodeIgniter))
11 FCPATH\index.php(59): CodeIgniter\Boot::bootWeb(Object(Config\Paths))
12 SYSTEMPATH\rewrite.php(44): require_once('D:\\wamp64\\www\\portofolio\\public\\index.php')
CRITICAL - 2026-06-20 11:39:45 --> TypeError: count(): Argument #1 ($value) must be of type Countable|array, null given
[Method: GET, Route: /]
in APPPATH\Views\public\index.php on line 760.
 1 SYSTEMPATH\View\View.php(240): include()
 2 SYSTEMPATH\View\View.php(243): CodeIgniter\View\View->CodeIgniter\View\{closure}()
 3 SYSTEMPATH\Common.php(1254): CodeIgniter\View\View->render('public/index', [], true)
 4 APPPATH\Controllers\Home.php(31): view('public/index', [...])
 5 SYSTEMPATH\CodeIgniter.php(974): App\Controllers\Home->index()
 6 SYSTEMPATH\CodeIgniter.php(520): CodeIgniter\CodeIgniter->runController(Object(App\Controllers\Home))
 7 SYSTEMPATH\CodeIgniter.php(363): CodeIgniter\CodeIgniter->handleRequest(null, Object(Config\Cache), false)
 8 SYSTEMPATH\Boot.php(417): CodeIgniter\CodeIgniter->run()
 9 SYSTEMPATH\Boot.php(68): CodeIgniter\Boot::runCodeIgniter(Object(CodeIgniter\CodeIgniter))
10 FCPATH\index.php(59): CodeIgniter\Boot::bootWeb(Object(Config\Paths))
11 SYSTEMPATH\rewrite.php(44): require_once('D:\\wamp64\\www\\portofolio\\public\\index.php')
CRITICAL - 2026-06-20 11:39:45 --> [Caused by] ErrorException: Undefined variable $chunks
in APPPATH\Views\public\index.php on line 760.
 1 APPPATH\Views\public\index.php(760): CodeIgniter\Debug\Exceptions->errorHandler(2, 'Undefined variable $chunks', 'D:\\wamp64\\www\\portofolio\\app\\Views\\public\\index.php', 760)
 2 SYSTEMPATH\View\View.php(240): include('D:\\wamp64\\www\\portofolio\\app\\Views\\public\\index.php')
 3 SYSTEMPATH\View\View.php(243): CodeIgniter\View\View->CodeIgniter\View\{closure}()
 4 SYSTEMPATH\Common.php(1254): CodeIgniter\View\View->render('public/index', [], true)
 5 APPPATH\Controllers\Home.php(31): view('public/index', [...])
 6 SYSTEMPATH\CodeIgniter.php(974): App\Controllers\Home->index()
 7 SYSTEMPATH\CodeIgniter.php(520): CodeIgniter\CodeIgniter->runController(Object(App\Controllers\Home))
 8 SYSTEMPATH\CodeIgniter.php(363): CodeIgniter\CodeIgniter->handleRequest(null, Object(Config\Cache), false)
 9 SYSTEMPATH\Boot.php(417): CodeIgniter\CodeIgniter->run()
10 SYSTEMPATH\Boot.php(68): CodeIgniter\Boot::runCodeIgniter(Object(CodeIgniter\CodeIgniter))
11 FCPATH\index.php(59): CodeIgniter\Boot::bootWeb(Object(Config\Paths))
12 SYSTEMPATH\rewrite.php(44): require_once('D:\\wamp64\\www\\portofolio\\public\\index.php')
CRITICAL - 2026-06-20 11:39:46 --> TypeError: count(): Argument #1 ($value) must be of type Countable|array, null given
[Method: GET, Route: /]
in APPPATH\Views\public\index.php on line 760.
 1 SYSTEMPATH\View\View.php(240): include()
 2 SYSTEMPATH\View\View.php(243): CodeIgniter\View\View->CodeIgniter\View\{closure}()
 3 SYSTEMPATH\Common.php(1254): CodeIgniter\View\View->render('public/index', [], true)
 4 APPPATH\Controllers\Home.php(31): view('public/index', [...])
 5 SYSTEMPATH\CodeIgniter.php(974): App\Controllers\Home->index()
 6 SYSTEMPATH\CodeIgniter.php(520): CodeIgniter\CodeIgniter->runController(Object(App\Controllers\Home))
 7 SYSTEMPATH\CodeIgniter.php(363): CodeIgniter\CodeIgniter->handleRequest(null, Object(Config\Cache), false)
 8 SYSTEMPATH\Boot.php(417): CodeIgniter\CodeIgniter->run()
 9 SYSTEMPATH\Boot.php(68): CodeIgniter\Boot::runCodeIgniter(Object(CodeIgniter\CodeIgniter))
10 FCPATH\index.php(59): CodeIgniter\Boot::bootWeb(Object(Config\Paths))
11 SYSTEMPATH\rewrite.php(44): require_once('D:\\wamp64\\www\\portofolio\\public\\index.php')
CRITICAL - 2026-06-20 11:39:46 --> [Caused by] ErrorException: Undefined variable $chunks
in APPPATH\Views\public\index.php on line 760.
 1 APPPATH\Views\public\index.php(760): CodeIgniter\Debug\Exceptions->errorHandler(2, 'Undefined variable $chunks', 'D:\\wamp64\\www\\portofolio\\app\\Views\\public\\index.php', 760)
 2 SYSTEMPATH\View\View.php(240): include('D:\\wamp64\\www\\portofolio\\app\\Views\\public\\index.php')
 3 SYSTEMPATH\View\View.php(243): CodeIgniter\View\View->CodeIgniter\View\{closure}()
 4 SYSTEMPATH\Common.php(1254): CodeIgniter\View\View->render('public/index', [], true)
 5 APPPATH\Controllers\Home.php(31): view('public/index', [...])
 6 SYSTEMPATH\CodeIgniter.php(974): App\Controllers\Home->index()
 7 SYSTEMPATH\CodeIgniter.php(520): CodeIgniter\CodeIgniter->runController(Object(App\Controllers\Home))
 8 SYSTEMPATH\CodeIgniter.php(363): CodeIgniter\CodeIgniter->handleRequest(null, Object(Config\Cache), false)
 9 SYSTEMPATH\Boot.php(417): CodeIgniter\CodeIgniter->run()
10 SYSTEMPATH\Boot.php(68): CodeIgniter\Boot::runCodeIgniter(Object(CodeIgniter\CodeIgniter))
11 FCPATH\index.php(59): CodeIgniter\Boot::bootWeb(Object(Config\Paths))
12 SYSTEMPATH\rewrite.php(44): require_once('D:\\wamp64\\www\\portofolio\\public\\index.php')
CRITICAL - 2026-06-20 12:22:00 --> ParseError: syntax error, unexpected end of file
[Method: GET, Route: /]
in APPPATH\Views\public\index.php on line 954.
 1 SYSTEMPATH\View\View.php(243): CodeIgniter\View\View->CodeIgniter\View\{closure}()
 2 SYSTEMPATH\Common.php(1254): CodeIgniter\View\View->render('public/index', [], true)
 3 APPPATH\Controllers\Home.php(31): view('public/index', [...])
 4 SYSTEMPATH\CodeIgniter.php(974): App\Controllers\Home->index()
 5 SYSTEMPATH\CodeIgniter.php(520): CodeIgniter\CodeIgniter->runController(Object(App\Controllers\Home))
 6 SYSTEMPATH\CodeIgniter.php(363): CodeIgniter\CodeIgniter->handleRequest(null, Object(Config\Cache), false)
 7 SYSTEMPATH\Boot.php(417): CodeIgniter\CodeIgniter->run()
 8 SYSTEMPATH\Boot.php(68): CodeIgniter\Boot::runCodeIgniter(Object(CodeIgniter\CodeIgniter))
 9 FCPATH\index.php(59): CodeIgniter\Boot::bootWeb(Object(Config\Paths))
10 SYSTEMPATH\rewrite.php(44): require_once('D:\\wamp64\\www\\portofolio\\public\\index.php')
CRITICAL - 2026-06-20 12:22:02 --> ParseError: syntax error, unexpected end of file
[Method: GET, Route: /]
in APPPATH\Views\public\index.php on line 954.
 1 SYSTEMPATH\View\View.php(243): CodeIgniter\View\View->CodeIgniter\View\{closure}()
 2 SYSTEMPATH\Common.php(1254): CodeIgniter\View\View->render('public/index', [], true)
 3 APPPATH\Controllers\Home.php(31): view('public/index', [...])
 4 SYSTEMPATH\CodeIgniter.php(974): App\Controllers\Home->index()
 5 SYSTEMPATH\CodeIgniter.php(520): CodeIgniter\CodeIgniter->runController(Object(App\Controllers\Home))
 6 SYSTEMPATH\CodeIgniter.php(363): CodeIgniter\CodeIgniter->handleRequest(null, Object(Config\Cache), false)
 7 SYSTEMPATH\Boot.php(417): CodeIgniter\CodeIgniter->run()
 8 SYSTEMPATH\Boot.php(68): CodeIgniter\Boot::runCodeIgniter(Object(CodeIgniter\CodeIgniter))
 9 FCPATH\index.php(59): CodeIgniter\Boot::bootWeb(Object(Config\Paths))
10 SYSTEMPATH\rewrite.php(44): require_once('D:\\wamp64\\www\\portofolio\\public\\index.php')
